/*C9*/SET SCHEMA PUBLIC
INSERT INTO USUARIO VALUES(16,'Jo\u00c3\u00a3o','123')
COMMIT
DISCONNECT
/*C10*/SET SCHEMA PUBLIC
DELETE FROM USUARIO WHERE CODIGO=13
COMMIT
DISCONNECT
/*C11*/SET SCHEMA PUBLIC
DELETE FROM USUARIO WHERE CODIGO=14
COMMIT
/*C13*/SET SCHEMA PUBLIC
DELETE FROM USUARIO WHERE CODIGO=15
COMMIT
DISCONNECT
/*C11*/DISCONNECT
/*C12*/SET SCHEMA PUBLIC
ROLLBACK
DISCONNECT
/*C14*/SET SCHEMA PUBLIC
DELETE FROM USUARIO WHERE CODIGO=16
COMMIT
DISCONNECT
/*C15*/SET SCHEMA PUBLIC
INSERT INTO USUARIO VALUES(17,'Jonas','123')
COMMIT
/*C16*/SET SCHEMA PUBLIC
INSERT INTO USUARIO VALUES(18,'Pedro','12')
COMMIT
/*C17*/SET SCHEMA PUBLIC
INSERT INTO USUARIO VALUES(19,'Luiza','1234')
COMMIT
/*C16*/DISCONNECT
/*C17*/DISCONNECT
/*C15*/DISCONNECT
